2024-07-11 01-01-06::info::/v1/api/template/new_template::88fcad23-9bfa-4f9f-93f8-9a97638c4f9e::input params::POST::{"tem_id":1001,"tem_name":"HTML TOknen"}
2024-07-11 01-01-07::error::/v1/api/template/new_template::88fcad23-9bfa-4f9f-93f8-9a97638c4f9e::undefined - NaNms - Response: {"name":"JsonWebTokenError","message":"invalid signature"}::{"message":"invalid signature"}
2024-07-11 01-01-40::info::/v1/api/template/new_template::b4bdeca4-94bc-46b9-ac67-38c8f2969920::input params::POST::{"tem_id":1001,"tem_name":"HTML TOknen"}
2024-07-11 01-01-44::error::/v1/api/template/new_template::b4bdeca4-94bc-46b9-ac67-38c8f2969920::undefined - NaNms - Response: {"name":"JsonWebTokenError","message":"invalid signature"}::{"message":"invalid signature"}
2024-07-11 01-02-02::info::/v1/api/email/new_template::1a4473d1-b40f-49dc-aeec-279bd684685e::input params::POST::{"tem_id":1001,"tem_name":"HTML TOknen"}
2024-07-11 01-02-02::error::/v1/api/email/new_template::1a4473d1-b40f-49dc-aeec-279bd684685e::undefined - NaNms - Response: {}::{"message":"htmlEmailToken is not a function"}
2024-07-11 01-02-33::info::/v1/api/email/new_template::369fa2d8-6a9f-4d74-8a79-3d7493226705::input params::POST::{"tem_id":1001,"tem_name":"HTML TOknen"}
2024-07-11 01-02-33::error::/v1/api/email/new_template::369fa2d8-6a9f-4d74-8a79-3d7493226705::undefined - NaNms - Response: {"errors":{"tem_html":{"name":"ValidatorError","message":"Path `tem_html` is required.","properties":{"message":"Path `tem_html` is required.","type":"required","path":"tem_html","value":""},"kind":"required","path":"tem_html","value":""}},"_message":"Template validation failed","name":"ValidationError","message":"Template validation failed: tem_html: Path `tem_html` is required."}::{"message":"Template validation failed: tem_html: Path `tem_html` is required."}
2024-07-11 01-03-06::info::/v1/api/email/new_template::c1a77f8f-d40b-4f05-8a08-a7ec209e13af::input params::POST::{"tem_id":1001,"tem_name":"HTML TOknen"}
2024-07-11 01-03-06::error::/v1/api/email/new_template::c1a77f8f-d40b-4f05-8a08-a7ec209e13af::undefined - NaNms - Response: {"errors":{"tem_html":{"name":"ValidatorError","message":"Path `tem_html` is required.","properties":{"message":"Path `tem_html` is required.","type":"required","path":"tem_html","value":""},"kind":"required","path":"tem_html","value":""}},"_message":"Template validation failed","name":"ValidationError","message":"Template validation failed: tem_html: Path `tem_html` is required."}::{"message":"Template validation failed: tem_html: Path `tem_html` is required."}
2024-07-11 01-05-16::info::/v1/api/email/new_template::1aec427a-13d4-4a60-93fb-95d4fc43fd3d::input params::POST::{"tem_id":1001,"tem_name":"HTML TOknen"}
2024-07-11 01-05-17::error::/v1/api/email/new_template::1aec427a-13d4-4a60-93fb-95d4fc43fd3d::undefined - NaNms - Response: {"errors":{"tem_html":{"name":"ValidatorError","message":"Path `tem_html` is required.","properties":{"message":"Path `tem_html` is required.","type":"required","path":"tem_html","value":""},"kind":"required","path":"tem_html","value":""}},"_message":"Template validation failed","name":"ValidationError","message":"Template validation failed: tem_html: Path `tem_html` is required."}::{"message":"Template validation failed: tem_html: Path `tem_html` is required."}
2024-07-11 01-05-49::info::/v1/api/email/new_template::a15a77c4-ca44-4d96-8b2b-ab798973202a::input params::POST::{"tem_id":1001,"tem_name":"HTML TOknen"}
2024-07-11 01-55-12::info::/v1/api/user/new_user::e1afbe8c-11c1-4487-b8fe-30f236710700::input params::POST::{"email":"lehiep@gmail.com"}
2024-07-11 01-55-24::info::/v1/api/user/new_user::219571e4-d0ba-4f13-8081-7ea43567abe5::input params::POST::{"email":"lehiep@gmail.com"}
2024-07-11 01-55-59::info::/v1/api/user/new_user::fe0907c7-b717-44f9-9617-55552a4cddc5::input params::POST::{"email":"letronghiep213@gmail.com"}
2024-07-11 01-56-57::info::/v1/api/user/new_user::286b7131-01b0-47eb-8c05-e2cb585bc8df::input params::POST::{"email":"letronghiep213@gmail.com"}
2024-07-11 01-58-20::info::/v1/api/user/new_user::f3a280a3-306b-4464-bbc0-5517a3a76d22::input params::POST::{"email":"letronghiep213@gmail.com"}
2024-07-11 01-58-40::info::/v1/api/user/new_user::37c0063a-1578-4b9d-8420-e4c32731d20f::input params::POST::{"email":"letronghiep213@gmail.com"}
2024-07-11 01-59-08::info::/v1/api/user/new_user::edfaf6eb-3d76-4608-93f0-62de76623a6b::input params::POST::{"email":"letronghiep213@gmail.com"}
2024-07-11 01-59-32::info::/v1/api/user/new_user::b784856c-e193-4ef8-ab20-c89e77c4f9df::input params::POST::{"email":"letronghiep213@gmail.com"}
